0 verbose cli /usr/local/bin/node /usr/local/bin/npm
1 info using npm@11.6.2
2 info using node@v24.13.0
3 silly config load:file:/usr/local/lib/node_modules/npm/npmrc
4 silly config load:file:/Users/aitern/ai-office/shared/projects/the-golden-bean/web/.npmrc
5 silly config load:file:/Users/aitern/.npmrc
6 silly config load:file:/usr/local/etc/npmrc
7 verbose title npm install vite @vitejs/plugin-react typescript @types/react @types/react-dom
8 verbose argv "install" "--cache" ".npm-cache" "--save-dev" "vite" "@vitejs/plugin-react" "typescript" "@types/react" "@types/react-dom"
9 verbose logfile logs-max:10 dir:/Users/aitern/ai-office/shared/projects/the-golden-bean/web/.npm-cache/_logs/2026-02-18T11_01_14_604Z-
10 verbose logfile /Users/aitern/ai-office/shared/projects/the-golden-bean/web/.npm-cache/_logs/2026-02-18T11_01_14_604Z-debug-0.log
11 silly logfile done cleaning log files
12 silly packumentCache heap:4496293888 maxSize:1124073472 maxEntrySize:562036736
13 silly idealTree buildDeps
14 silly fetch manifest vite@*
15 silly packumentCache full:https://registry.npmjs.org/vite cache-miss
16 http fetch GET 200 https://registry.npmjs.org/vite 1017ms (cache miss)
17 silly packumentCache full:https://registry.npmjs.org/vite set size:undefined disposed:false
18 silly fetch manifest @types/node@^20.19.0 || >=22.12.0
19 silly packumentCache full:https://registry.npmjs.org/@types%2fnode cache-miss
20 http fetch GET 200 https://registry.npmjs.org/@types%2fnode 172ms (cache miss)
21 silly packumentCache full:https://registry.npmjs.org/@types%2fnode set size:undefined disposed:false
22 silly fetch manifest jiti@>=1.21.0
23 silly packumentCache full:https://registry.npmjs.org/jiti cache-miss
24 http fetch GET 200 https://registry.npmjs.org/jiti 46ms (cache miss)
25 silly packumentCache full:https://registry.npmjs.org/jiti set size:undefined disposed:false
26 silly fetch manifest less@^4.0.0
27 silly packumentCache full:https://registry.npmjs.org/less cache-miss
28 http fetch GET 200 https://registry.npmjs.org/less 43ms (cache miss)
29 silly packumentCache full:https://registry.npmjs.org/less set size:undefined disposed:false
30 silly fetch manifest lightningcss@^1.21.0
31 silly packumentCache full:https://registry.npmjs.org/lightningcss cache-miss
32 http fetch GET 200 https://registry.npmjs.org/lightningcss 102ms (cache miss)
33 silly packumentCache full:https://registry.npmjs.org/lightningcss set size:undefined disposed:false
34 silly fetch manifest sass@^1.70.0
35 silly packumentCache full:https://registry.npmjs.org/sass cache-miss
36 http fetch GET 200 https://registry.npmjs.org/sass 55ms (cache miss)
37 silly packumentCache full:https://registry.npmjs.org/sass set size:undefined disposed:false
38 silly fetch manifest sass-embedded@^1.70.0
39 silly packumentCache full:https://registry.npmjs.org/sass-embedded cache-miss
40 http fetch GET 200 https://registry.npmjs.org/sass-embedded 57ms (cache miss)
41 silly packumentCache full:https://registry.npmjs.org/sass-embedded set size:undefined disposed:false
42 silly fetch manifest stylus@>=0.54.8
43 silly packumentCache full:https://registry.npmjs.org/stylus cache-miss
44 http fetch GET 200 https://registry.npmjs.org/stylus 44ms (cache miss)
45 silly packumentCache full:https://registry.npmjs.org/stylus set size:undefined disposed:false
46 silly fetch manifest sugarss@^5.0.0
47 silly packumentCache full:https://registry.npmjs.org/sugarss cache-miss
48 http fetch GET 200 https://registry.npmjs.org/sugarss 35ms (cache miss)
49 silly packumentCache full:https://registry.npmjs.org/sugarss set size:undefined disposed:false
50 silly fetch manifest postcss@^8.3.3
51 silly packumentCache full:https://registry.npmjs.org/postcss cache-miss
52 http fetch GET 200 https://registry.npmjs.org/postcss 64ms (cache miss)
53 silly packumentCache full:https://registry.npmjs.org/postcss set size:undefined disposed:false
54 silly fetch manifest terser@^5.16.0
55 silly packumentCache full:https://registry.npmjs.org/terser cache-miss
56 http fetch GET 200 https://registry.npmjs.org/terser 51ms (cache miss)
57 silly packumentCache full:https://registry.npmjs.org/terser set size:undefined disposed:false
58 silly fetch manifest tsx@^4.8.1
59 silly packumentCache full:https://registry.npmjs.org/tsx cache-miss
60 http fetch GET 200 https://registry.npmjs.org/tsx 48ms (cache miss)
61 silly packumentCache full:https://registry.npmjs.org/tsx set size:undefined disposed:false
62 silly fetch manifest yaml@^2.4.2
63 silly packumentCache full:https://registry.npmjs.org/yaml cache-miss
64 http cache https://registry.npmjs.org/yaml 5ms (cache hit)
65 silly packumentCache full:https://registry.npmjs.org/yaml set size:361552 disposed:false
66 silly fetch manifest @vitejs/plugin-react@*
67 silly packumentCache full:https://registry.npmjs.org/@vitejs%2fplugin-react cache-miss
68 http fetch GET 200 https://registry.npmjs.org/@vitejs%2fplugin-react 144ms (cache miss)
69 silly packumentCache full:https://registry.npmjs.org/@vitejs%2fplugin-react set size:undefined disposed:false
70 silly fetch manifest typescript@*
71 silly packumentCache full:https://registry.npmjs.org/typescript cache-miss
72 http fetch GET 200 https://registry.npmjs.org/typescript 258ms (cache miss)
73 silly packumentCache full:https://registry.npmjs.org/typescript set size:undefined disposed:false
74 silly fetch manifest @types/react@*
75 silly packumentCache full:https://registry.npmjs.org/@types%2freact cache-miss
76 http cache https://registry.npmjs.org/@types%2freact 10ms (cache hit)
77 silly packumentCache full:https://registry.npmjs.org/@types%2freact set size:2588986 disposed:false
78 silly fetch manifest @types/react-dom@*
79 silly packumentCache full:https://registry.npmjs.org/@types%2freact-dom cache-miss
80 http fetch GET 200 https://registry.npmjs.org/@types%2freact-dom 54ms (cache miss)
81 silly packumentCache full:https://registry.npmjs.org/@types%2freact-dom set size:undefined disposed:false
82 silly placeDep ROOT @types/react@19.2.14 REPLACE for: web@1.0.0 want: *
83 silly placeDep ROOT @types/react-dom@19.2.3 OK for: web@1.0.0 want: *
84 silly placeDep ROOT @vitejs/plugin-react@5.1.4 OK for: web@1.0.0 want: *
85 silly placeDep ROOT vite@7.3.1 OK for: @vitejs/plugin-react@5.1.4 want: ^4.2.0 || ^5.0.0 || ^6.0.0 || ^7.0.0
86 silly placeDep ROOT yaml@2.8.2 REPLACE for: vite@7.3.1 want: ^2.4.2
87 silly placeDep ROOT typescript@5.9.3 OK for: web@1.0.0 want: *
88 silly placeDep ROOT vite@7.3.1 REPLACE for: web@1.0.0 want: *
89 silly fetch manifest @babel/core@^7.29.0
90 silly packumentCache full:https://registry.npmjs.org/@babel%2fcore cache-miss
91 silly fetch manifest @babel/plugin-transform-react-jsx-self@^7.27.1
92 silly packumentCache full:https://registry.npmjs.org/@babel%2fplugin-transform-react-jsx-self cache-miss
93 silly fetch manifest @babel/plugin-transform-react-jsx-source@^7.27.1
94 silly packumentCache full:https://registry.npmjs.org/@babel%2fplugin-transform-react-jsx-source cache-miss
95 silly fetch manifest @rolldown/pluginutils@1.0.0-rc.3
96 silly packumentCache full:https://registry.npmjs.org/@rolldown%2fpluginutils cache-miss
97 silly fetch manifest @types/babel__core@^7.20.5
98 silly packumentCache full:https://registry.npmjs.org/@types%2fbabel__core cache-miss
99 silly fetch manifest react-refresh@^0.18.0
100 silly packumentCache full:https://registry.npmjs.org/react-refresh cache-miss
101 silly fetch manifest fdir@^6.5.0
102 silly packumentCache full:https://registry.npmjs.org/fdir cache-miss
103 silly fetch manifest rollup@^4.43.0
104 silly packumentCache full:https://registry.npmjs.org/rollup cache-miss
105 silly fetch manifest esbuild@^0.27.0
106 silly packumentCache full:https://registry.npmjs.org/esbuild cache-miss
107 http fetch GET 200 https://registry.npmjs.org/@babel%2fcore 148ms (cache miss)
108 silly packumentCache full:https://registry.npmjs.org/@babel%2fcore set size:undefined disposed:false
109 silly fetch manifest postcss@^8.5.6
110 silly packumentCache full:https://registry.npmjs.org/postcss cache-miss
111 http cache https://registry.npmjs.org/postcss 3ms (cache hit)
112 silly packumentCache full:https://registry.npmjs.org/postcss set size:696248 disposed:false
113 silly fetch manifest picomatch@^4.0.3
114 silly packumentCache full:https://registry.npmjs.org/picomatch cache-miss
115 http fetch GET 200 https://registry.npmjs.org/@rolldown%2fpluginutils 155ms (cache miss)
116 silly packumentCache full:https://registry.npmjs.org/@rolldown%2fpluginutils set size:undefined disposed:false
117 silly fetch manifest tinyglobby@^0.2.15
118 silly packumentCache full:https://registry.npmjs.org/tinyglobby cache-miss
119 http fetch GET 200 https://registry.npmjs.org/fdir 181ms (cache miss)
120 silly packumentCache full:https://registry.npmjs.org/fdir set size:undefined disposed:false
121 silly fetch manifest fsevents@~2.3.3
122 silly packumentCache full:https://registry.npmjs.org/fsevents cache-miss
123 http fetch GET 200 https://registry.npmjs.org/tinyglobby 36ms (cache miss)
124 silly packumentCache full:https://registry.npmjs.org/tinyglobby set size:undefined disposed:false
125 silly fetch manifest rollup@^4.43.0
126 silly packumentCache full:https://registry.npmjs.org/rollup cache-miss
127 http fetch GET 200 https://registry.npmjs.org/picomatch 119ms (cache miss)
128 silly packumentCache full:https://registry.npmjs.org/picomatch set size:undefined disposed:false
129 silly fetch manifest esbuild@^0.27.0
130 silly packumentCache full:https://registry.npmjs.org/esbuild cache-miss
131 http fetch GET 200 https://registry.npmjs.org/@babel%2fplugin-transform-react-jsx-self 278ms (cache miss)
132 silly packumentCache full:https://registry.npmjs.org/@babel%2fplugin-transform-react-jsx-self set size:undefined disposed:false
133 silly fetch manifest fsevents@~2.3.3
134 silly packumentCache full:https://registry.npmjs.org/fsevents cache-miss
135 http fetch GET 200 https://registry.npmjs.org/@babel%2fplugin-transform-react-jsx-source 290ms (cache miss)
136 silly packumentCache full:https://registry.npmjs.org/@babel%2fplugin-transform-react-jsx-source set size:undefined disposed:false
137 http fetch GET 200 https://registry.npmjs.org/esbuild 368ms (cache miss)
138 silly packumentCache full:https://registry.npmjs.org/esbuild set size:undefined disposed:false
139 http fetch GET 200 https://registry.npmjs.org/fsevents 116ms (cache miss)
140 silly packumentCache full:https://registry.npmjs.org/fsevents set size:undefined disposed:false
141 http fetch GET 200 https://registry.npmjs.org/rollup 427ms (cache miss)
142 silly packumentCache full:https://registry.npmjs.org/rollup set size:undefined disposed:false
143 http fetch GET 200 https://registry.npmjs.org/esbuild 169ms (cache miss)
144 silly packumentCache full:https://registry.npmjs.org/esbuild set size:undefined disposed:false
145 http fetch GET 200 https://registry.npmjs.org/rollup 255ms (cache miss)
146 silly packumentCache full:https://registry.npmjs.org/rollup set size:undefined disposed:false
147 http fetch GET 200 https://registry.npmjs.org/react-refresh 461ms (cache miss)
148 silly packumentCache full:https://registry.npmjs.org/react-refresh set size:undefined disposed:false
149 http fetch GET 200 https://registry.npmjs.org/@types%2fbabel__core 472ms (cache miss)
150 silly packumentCache full:https://registry.npmjs.org/@types%2fbabel__core set size:undefined disposed:false
151 http fetch GET 200 https://registry.npmjs.org/fsevents 498ms (cache miss)
152 silly packumentCache full:https://registry.npmjs.org/fsevents set size:undefined disposed:false
153 silly placeDep ROOT @babel/core@7.29.0 OK for: @vitejs/plugin-react@5.1.4 want: ^7.29.0
154 silly placeDep ROOT @babel/plugin-transform-react-jsx-self@7.27.1 OK for: @vitejs/plugin-react@5.1.4 want: ^7.27.1
155 silly placeDep ROOT @babel/plugin-transform-react-jsx-source@7.27.1 OK for: @vitejs/plugin-react@5.1.4 want: ^7.27.1
156 silly placeDep ROOT @rolldown/pluginutils@1.0.0-rc.3 OK for: @vitejs/plugin-react@5.1.4 want: 1.0.0-rc.3
157 silly placeDep ROOT @types/babel__core@7.20.5 OK for: @vitejs/plugin-react@5.1.4 want: ^7.20.5
158 silly placeDep ROOT react-refresh@0.18.0 OK for: @vitejs/plugin-react@5.1.4 want: ^0.18.0
159 silly fetch manifest json5@^2.2.3
160 silly packumentCache full:https://registry.npmjs.org/json5 cache-miss
161 silly fetch manifest semver@^6.3.1
162 silly packumentCache full:https://registry.npmjs.org/semver cache-miss
163 silly fetch manifest gensync@^1.0.0-beta.2
164 silly packumentCache full:https://registry.npmjs.org/gensync cache-miss
165 silly fetch manifest @babel/helpers@^7.28.6
166 silly packumentCache full:https://registry.npmjs.org/@babel%2fhelpers cache-miss
167 silly fetch manifest convert-source-map@^2.0.0
168 silly packumentCache full:https://registry.npmjs.org/convert-source-map cache-miss
169 silly fetch manifest @jridgewell/remapping@^2.3.5
170 silly packumentCache full:https://registry.npmjs.org/@jridgewell%2fremapping cache-miss
171 silly fetch manifest @babel/helper-module-transforms@^7.28.6
172 silly packumentCache full:https://registry.npmjs.org/@babel%2fhelper-module-transforms cache-miss
173 silly fetch manifest @babel/helper-compilation-targets@^7.28.6
174 silly packumentCache full:https://registry.npmjs.org/@babel%2fhelper-compilation-targets cache-miss
175 silly fetch manifest @babel/helper-plugin-utils@^7.27.1
176 silly packumentCache full:https://registry.npmjs.org/@babel%2fhelper-plugin-utils cache-miss
177 http cache https://registry.npmjs.org/convert-source-map 3ms (cache hit)
178 silly packumentCache full:https://registry.npmjs.org/convert-source-map set size:66997 disposed:false
179 silly fetch manifest @babel/helper-plugin-utils@^7.27.1
180 silly packumentCache full:https://registry.npmjs.org/@babel%2fhelper-plugin-utils cache-miss
181 http fetch GET 200 https://registry.npmjs.org/@jridgewell%2fremapping 44ms (cache miss)
182 silly packumentCache full:https://registry.npmjs.org/@jridgewell%2fremapping set size:undefined disposed:false
183 silly fetch manifest @types/babel__template@*
184 silly packumentCache full:https://registry.npmjs.org/@types%2fbabel__template cache-miss
185 http fetch GET 200 https://registry.npmjs.org/@babel%2fhelper-plugin-utils 48ms (cache miss)
186 silly packumentCache full:https://registry.npmjs.org/@babel%2fhelper-plugin-utils set size:undefined disposed:false
187 silly fetch manifest @types/babel__traverse@*
188 silly packumentCache full:https://registry.npmjs.org/@types%2fbabel__traverse cache-miss
189 http fetch GET 200 https://registry.npmjs.org/gensync 49ms (cache miss)
190 silly packumentCache full:https://registry.npmjs.org/gensync set size:undefined disposed:false
191 silly fetch manifest @types/babel__generator@*
192 silly packumentCache full:https://registry.npmjs.org/@types%2fbabel__generator cache-miss
193 http fetch GET 200 https://registry.npmjs.org/semver 53ms (cache miss)
194 silly packumentCache full:https://registry.npmjs.org/semver set size:undefined disposed:false
195 http fetch GET 200 https://registry.npmjs.org/@babel%2fhelper-plugin-utils 50ms (cache miss)
196 silly packumentCache full:https://registry.npmjs.org/@babel%2fhelper-plugin-utils set size:undefined disposed:false
197 http fetch GET 200 https://registry.npmjs.org/@babel%2fhelper-compilation-targets 60ms (cache miss)
198 silly packumentCache full:https://registry.npmjs.org/@babel%2fhelper-compilation-targets set size:undefined disposed:false
199 http fetch GET 200 https://registry.npmjs.org/@babel%2fhelper-module-transforms 63ms (cache miss)
200 silly packumentCache full:https://registry.npmjs.org/@babel%2fhelper-module-transforms set size:undefined disposed:false
201 http fetch GET 200 https://registry.npmjs.org/json5 81ms (cache miss)
202 silly packumentCache full:https://registry.npmjs.org/json5 set size:undefined disposed:false
203 http fetch GET 200 https://registry.npmjs.org/@types%2fbabel__template 41ms (cache miss)
204 silly packumentCache full:https://registry.npmjs.org/@types%2fbabel__template set size:undefined disposed:false
205 http fetch GET 200 https://registry.npmjs.org/@types%2fbabel__traverse 47ms (cache miss)
206 silly packumentCache full:https://registry.npmjs.org/@types%2fbabel__traverse set size:undefined disposed:false
207 http fetch GET 200 https://registry.npmjs.org/@types%2fbabel__generator 46ms (cache miss)
208 silly packumentCache full:https://registry.npmjs.org/@types%2fbabel__generator set size:undefined disposed:false
209 http fetch GET 200 https://registry.npmjs.org/@babel%2fhelpers 203ms (cache miss)
210 silly packumentCache full:https://registry.npmjs.org/@babel%2fhelpers set size:undefined disposed:false
211 silly fetch manifest @babel/core@^7.0.0
212 silly packumentCache full:https://registry.npmjs.org/@babel%2fcore cache-miss
213 http cache https://registry.npmjs.org/@babel%2fcore 1ms (cache hit)
214 silly packumentCache full:https://registry.npmjs.org/@babel%2fcore set size:756140 disposed:false
215 silly placeDep ROOT @babel/helper-compilation-targets@7.28.6 OK for: @babel/core@7.29.0 want: ^7.28.6
216 silly placeDep ROOT @babel/helper-module-transforms@7.28.6 OK for: @babel/core@7.29.0 want: ^7.28.6
217 silly placeDep ROOT @babel/helpers@7.28.6 OK for: @babel/core@7.29.0 want: ^7.28.6
218 silly placeDep ROOT @jridgewell/remapping@2.3.5 OK for: @babel/core@7.29.0 want: ^2.3.5
219 silly placeDep node_modules/@babel/core convert-source-map@2.0.0 OK for: @babel/core@7.29.0 want: ^2.0.0
220 silly placeDep ROOT gensync@1.0.0-beta.2 OK for: @babel/core@7.29.0 want: ^1.0.0-beta.2
221 silly placeDep ROOT json5@2.2.3 OK for: @babel/core@7.29.0 want: ^2.2.3
222 silly placeDep ROOT semver@6.3.1 OK for: @babel/core@7.29.0 want: ^6.3.1
223 silly fetch manifest lru-cache@^5.1.1
224 silly packumentCache full:https://registry.npmjs.org/lru-cache cache-miss
225 silly fetch manifest browserslist@^4.24.0
226 silly packumentCache full:https://registry.npmjs.org/browserslist cache-miss
227 silly fetch manifest @babel/compat-data@^7.28.6
228 silly packumentCache full:https://registry.npmjs.org/@babel%2fcompat-data cache-miss
229 silly fetch manifest @babel/helper-validator-option@^7.27.1
230 silly packumentCache full:https://registry.npmjs.org/@babel%2fhelper-validator-option cache-miss
231 http fetch GET 200 https://registry.npmjs.org/browserslist 43ms (cache miss)
232 silly packumentCache full:https://registry.npmjs.org/browserslist set size:undefined disposed:false
233 http fetch GET 200 https://registry.npmjs.org/@babel%2fhelper-validator-option 49ms (cache miss)
234 silly packumentCache full:https://registry.npmjs.org/@babel%2fhelper-validator-option set size:undefined disposed:false
235 http fetch GET 200 https://registry.npmjs.org/lru-cache 62ms (cache miss)
236 silly packumentCache full:https://registry.npmjs.org/lru-cache set size:undefined disposed:false
237 http fetch GET 200 https://registry.npmjs.org/@babel%2fcompat-data 69ms (cache miss)
238 silly packumentCache full:https://registry.npmjs.org/@babel%2fcompat-data set size:undefined disposed:false
239 silly placeDep ROOT @babel/compat-data@7.29.0 OK for: @babel/helper-compilation-targets@7.28.6 want: ^7.28.6
240 silly placeDep ROOT @babel/helper-validator-option@7.27.1 OK for: @babel/helper-compilation-targets@7.28.6 want: ^7.27.1
241 silly placeDep ROOT browserslist@4.28.1 OK for: @babel/helper-compilation-targets@7.28.6 want: ^4.24.0
242 silly placeDep ROOT lru-cache@5.1.1 OK for: @babel/helper-compilation-targets@7.28.6 want: ^5.1.1
243 silly fetch manifest baseline-browser-mapping@^2.9.0
244 silly packumentCache full:https://registry.npmjs.org/baseline-browser-mapping cache-miss
245 silly fetch manifest caniuse-lite@^1.0.30001759
246 silly packumentCache full:https://registry.npmjs.org/caniuse-lite cache-miss
247 silly fetch manifest electron-to-chromium@^1.5.263
248 silly packumentCache full:https://registry.npmjs.org/electron-to-chromium cache-miss
249 silly fetch manifest node-releases@^2.0.27
250 silly packumentCache full:https://registry.npmjs.org/node-releases cache-miss
251 silly fetch manifest update-browserslist-db@^1.2.0
252 silly packumentCache full:https://registry.npmjs.org/update-browserslist-db cache-miss
253 silly fetch manifest yallist@^3.0.2
254 silly packumentCache full:https://registry.npmjs.org/yallist cache-miss
255 http fetch GET 200 https://registry.npmjs.org/yallist 31ms (cache miss)
256 silly packumentCache full:https://registry.npmjs.org/yallist set size:undefined disposed:false
257 http fetch GET 200 https://registry.npmjs.org/update-browserslist-db 99ms (cache miss)
258 silly packumentCache full:https://registry.npmjs.org/update-browserslist-db set size:undefined disposed:false
259 http fetch GET 200 https://registry.npmjs.org/caniuse-lite 139ms (cache miss)
260 silly packumentCache full:https://registry.npmjs.org/caniuse-lite set size:undefined disposed:false
261 http fetch GET 200 https://registry.npmjs.org/node-releases 144ms (cache miss)
262 silly packumentCache full:https://registry.npmjs.org/node-releases set size:undefined disposed:false
263 http fetch GET 200 https://registry.npmjs.org/baseline-browser-mapping 256ms (cache miss)
264 silly packumentCache full:https://registry.npmjs.org/baseline-browser-mapping set size:undefined disposed:false
265 http fetch GET 200 https://registry.npmjs.org/electron-to-chromium 295ms (cache miss)
266 silly packumentCache full:https://registry.npmjs.org/electron-to-chromium set size:undefined disposed:false
267 silly placeDep ROOT @babel/helper-plugin-utils@7.28.6 OK for: @babel/plugin-transform-react-jsx-self@7.27.1 want: ^7.27.1
268 silly placeDep ROOT @types/babel__generator@7.27.0 OK for: @types/babel__core@7.20.5 want: *
269 silly placeDep ROOT @types/babel__template@7.4.4 OK for: @types/babel__core@7.20.5 want: *
270 silly placeDep ROOT @types/babel__traverse@7.28.0 OK for: @types/babel__core@7.20.5 want: *
271 silly fetch manifest browserslist@>= 4.21.0
272 silly packumentCache full:https://registry.npmjs.org/browserslist cache-miss
273 http cache https://registry.npmjs.org/browserslist 2ms (cache hit)
274 silly packumentCache full:https://registry.npmjs.org/browserslist set size:502989 disposed:false
275 silly placeDep ROOT baseline-browser-mapping@2.9.19 OK for: browserslist@4.28.1 want: ^2.9.0
276 silly placeDep ROOT caniuse-lite@1.0.30001770 OK for: browserslist@4.28.1 want: ^1.0.30001759
277 silly placeDep ROOT electron-to-chromium@1.5.286 OK for: browserslist@4.28.1 want: ^1.5.263
278 silly placeDep ROOT node-releases@2.0.27 OK for: browserslist@4.28.1 want: ^2.0.27
279 silly placeDep ROOT update-browserslist-db@1.2.3 OK for: browserslist@4.28.1 want: ^1.2.0
280 silly fetch manifest escalade@^3.2.0
281 silly packumentCache full:https://registry.npmjs.org/escalade cache-miss
282 http fetch GET 200 https://registry.npmjs.org/escalade 33ms (cache miss)
283 silly packumentCache full:https://registry.npmjs.org/escalade set size:undefined disposed:false
284 silly fetch manifest yaml@^1.10.0
285 silly packumentCache full:https://registry.npmjs.org/yaml cache-hit
286 silly placeDep node_modules/cosmiconfig yaml@1.10.2 OK for: cosmiconfig@7.1.0 want: ^1.10.0
287 silly placeDep ROOT yallist@3.1.1 OK for: lru-cache@5.1.1 want: ^3.0.2
288 silly placeDep ROOT escalade@3.2.0 OK for: update-browserslist-db@1.2.3 want: ^3.2.0
289 silly placeDep ROOT esbuild@0.27.3 OK for: vite@7.3.1 want: ^0.27.0
290 silly placeDep ROOT fdir@6.5.0 OK for: vite@7.3.1 want: ^6.5.0
291 silly placeDep ROOT fsevents@2.3.3 OK for: vite@7.3.1 want: ~2.3.3
292 silly placeDep ROOT picomatch@4.0.3 OK for: vite@7.3.1 want: ^4.0.3
293 silly placeDep ROOT postcss@8.5.6 OK for: vite@7.3.1 want: ^8.5.6
294 silly placeDep ROOT rollup@4.57.1 OK for: vite@7.3.1 want: ^4.43.0
295 silly placeDep ROOT tinyglobby@0.2.15 OK for: vite@7.3.1 want: ^0.2.15
296 silly fetch manifest @esbuild/aix-ppc64@0.27.3
297 silly packumentCache full:https://registry.npmjs.org/@esbuild%2faix-ppc64 cache-miss
298 silly fetch manifest @esbuild/android-arm@0.27.3
299 silly packumentCache full:https://registry.npmjs.org/@esbuild%2fandroid-arm cache-miss
300 silly fetch manifest @esbuild/android-arm64@0.27.3
301 silly packumentCache full:https://registry.npmjs.org/@esbuild%2fandroid-arm64 cache-miss
302 silly fetch manifest @esbuild/android-x64@0.27.3
303 silly packumentCache full:https://registry.npmjs.org/@esbuild%2fandroid-x64 cache-miss
304 silly fetch manifest @esbuild/darwin-arm64@0.27.3
305 silly packumentCache full:https://registry.npmjs.org/@esbuild%2fdarwin-arm64 cache-miss
306 silly fetch manifest @esbuild/darwin-x64@0.27.3
307 silly packumentCache full:https://registry.npmjs.org/@esbuild%2fdarwin-x64 cache-miss
308 silly fetch manifest @esbuild/freebsd-arm64@0.27.3
309 silly packumentCache full:https://registry.npmjs.org/@esbuild%2ffreebsd-arm64 cache-miss
310 silly fetch manifest @esbuild/freebsd-x64@0.27.3
311 silly packumentCache full:https://registry.npmjs.org/@esbuild%2ffreebsd-x64 cache-miss
312 silly fetch manifest @esbuild/linux-arm@0.27.3
313 silly packumentCache full:https://registry.npmjs.org/@esbuild%2flinux-arm cache-miss
314 http fetch GET 200 https://registry.npmjs.org/@esbuild%2faix-ppc64 53ms (cache miss)
315 silly packumentCache full:https://registry.npmjs.org/@esbuild%2faix-ppc64 set size:undefined disposed:false
316 silly fetch manifest @esbuild/linux-arm64@0.27.3
317 silly packumentCache full:https://registry.npmjs.org/@esbuild%2flinux-arm64 cache-miss
318 http fetch GET 200 https://registry.npmjs.org/@esbuild%2fdarwin-arm64 53ms (cache miss)
319 silly packumentCache full:https://registry.npmjs.org/@esbuild%2fdarwin-arm64 set size:undefined disposed:false
320 silly fetch manifest @esbuild/linux-ia32@0.27.3
321 silly packumentCache full:https://registry.npmjs.org/@esbuild%2flinux-ia32 cache-miss
322 http fetch GET 200 https://registry.npmjs.org/@esbuild%2ffreebsd-x64 62ms (cache miss)
323 silly packumentCache full:https://registry.npmjs.org/@esbuild%2ffreebsd-x64 set size:undefined disposed:false
324 silly fetch manifest @esbuild/linux-loong64@0.27.3
325 silly packumentCache full:https://registry.npmjs.org/@esbuild%2flinux-loong64 cache-miss
326 http fetch GET 200 https://registry.npmjs.org/@esbuild%2fandroid-x64 68ms (cache miss)
327 silly packumentCache full:https://registry.npmjs.org/@esbuild%2fandroid-x64 set size:undefined disposed:false
328 silly fetch manifest @esbuild/linux-mips64el@0.27.3
329 silly packumentCache full:https://registry.npmjs.org/@esbuild%2flinux-mips64el cache-miss
330 http fetch GET 200 https://registry.npmjs.org/@esbuild%2flinux-arm 75ms (cache miss)
331 silly packumentCache full:https://registry.npmjs.org/@esbuild%2flinux-arm set size:undefined disposed:false
332 silly fetch manifest @esbuild/linux-ppc64@0.27.3
333 silly packumentCache full:https://registry.npmjs.org/@esbuild%2flinux-ppc64 cache-miss
334 http fetch GET 200 https://registry.npmjs.org/@esbuild%2fandroid-arm64 76ms (cache miss)
335 silly packumentCache full:https://registry.npmjs.org/@esbuild%2fandroid-arm64 set size:undefined disposed:false
336 silly fetch manifest @esbuild/linux-riscv64@0.27.3
337 silly packumentCache full:https://registry.npmjs.org/@esbuild%2flinux-riscv64 cache-miss
338 http fetch GET 200 https://registry.npmjs.org/@esbuild%2fdarwin-x64 80ms (cache miss)
339 silly packumentCache full:https://registry.npmjs.org/@esbuild%2fdarwin-x64 set size:undefined disposed:false
340 silly fetch manifest @esbuild/linux-s390x@0.27.3
341 silly packumentCache full:https://registry.npmjs.org/@esbuild%2flinux-s390x cache-miss
342 http fetch GET 200 https://registry.npmjs.org/@esbuild%2fandroid-arm 94ms (cache miss)
343 silly packumentCache full:https://registry.npmjs.org/@esbuild%2fandroid-arm set size:undefined disposed:false
344 silly fetch manifest @esbuild/linux-x64@0.27.3
345 silly packumentCache full:https://registry.npmjs.org/@esbuild%2flinux-x64 cache-miss
346 http fetch GET 200 https://registry.npmjs.org/@esbuild%2flinux-ia32 56ms (cache miss)
347 silly packumentCache full:https://registry.npmjs.org/@esbuild%2flinux-ia32 set size:undefined disposed:false
348 silly fetch manifest @esbuild/netbsd-arm64@0.27.3
349 silly packumentCache full:https://registry.npmjs.org/@esbuild%2fnetbsd-arm64 cache-miss
350 http fetch GET 200 https://registry.npmjs.org/@esbuild%2flinux-loong64 59ms (cache miss)
351 silly packumentCache full:https://registry.npmjs.org/@esbuild%2flinux-loong64 set size:undefined disposed:false
352 silly fetch manifest @esbuild/netbsd-x64@0.27.3
353 silly packumentCache full:https://registry.npmjs.org/@esbuild%2fnetbsd-x64 cache-miss
354 http fetch GET 200 https://registry.npmjs.org/@esbuild%2flinux-arm64 74ms (cache miss)
355 silly packumentCache full:https://registry.npmjs.org/@esbuild%2flinux-arm64 set size:undefined disposed:false
356 silly fetch manifest @esbuild/openbsd-arm64@0.27.3
357 silly packumentCache full:https://registry.npmjs.org/@esbuild%2fopenbsd-arm64 cache-miss
358 http fetch GET 200 https://registry.npmjs.org/@esbuild%2flinux-ppc64 53ms (cache miss)
359 silly packumentCache full:https://registry.npmjs.org/@esbuild%2flinux-ppc64 set size:undefined disposed:false
360 silly fetch manifest @esbuild/openbsd-x64@0.27.3
361 silly packumentCache full:https://registry.npmjs.org/@esbuild%2fopenbsd-x64 cache-miss
362 http fetch GET 200 https://registry.npmjs.org/@esbuild%2flinux-mips64el 65ms (cache miss)
363 silly packumentCache full:https://registry.npmjs.org/@esbuild%2flinux-mips64el set size:undefined disposed:false
364 silly fetch manifest @esbuild/openharmony-arm64@0.27.3
365 silly packumentCache full:https://registry.npmjs.org/@esbuild%2fopenharmony-arm64 cache-miss
366 http fetch GET 200 https://registry.npmjs.org/@esbuild%2flinux-riscv64 60ms (cache miss)
367 silly packumentCache full:https://registry.npmjs.org/@esbuild%2flinux-riscv64 set size:undefined disposed:false
368 silly fetch manifest @esbuild/sunos-x64@0.27.3
369 silly packumentCache full:https://registry.npmjs.org/@esbuild%2fsunos-x64 cache-miss
370 http fetch GET 200 https://registry.npmjs.org/@esbuild%2ffreebsd-arm64 146ms (cache miss)
371 silly packumentCache full:https://registry.npmjs.org/@esbuild%2ffreebsd-arm64 set size:undefined disposed:false
372 silly fetch manifest @esbuild/win32-arm64@0.27.3
373 silly packumentCache full:https://registry.npmjs.org/@esbuild%2fwin32-arm64 cache-miss
374 http fetch GET 200 https://registry.npmjs.org/@esbuild%2fnetbsd-arm64 42ms (cache miss)
375 silly packumentCache full:https://registry.npmjs.org/@esbuild%2fnetbsd-arm64 set size:undefined disposed:false
376 silly fetch manifest @esbuild/win32-ia32@0.27.3
377 silly packumentCache full:https://registry.npmjs.org/@esbuild%2fwin32-ia32 cache-miss
378 http fetch GET 200 https://registry.npmjs.org/@esbuild%2flinux-x64 62ms (cache miss)
379 silly packumentCache full:https://registry.npmjs.org/@esbuild%2flinux-x64 set size:undefined disposed:false
380 silly fetch manifest @esbuild/win32-x64@0.27.3
381 silly packumentCache full:https://registry.npmjs.org/@esbuild%2fwin32-x64 cache-miss
382 http fetch GET 200 https://registry.npmjs.org/@esbuild%2fnetbsd-x64 45ms (cache miss)
383 silly packumentCache full:https://registry.npmjs.org/@esbuild%2fnetbsd-x64 set size:undefined disposed:false
384 silly fetch manifest nanoid@^3.3.11
385 silly packumentCache full:https://registry.npmjs.org/nanoid cache-miss
386 http fetch GET 200 https://registry.npmjs.org/@esbuild%2fopenbsd-arm64 46ms (cache miss)
387 silly packumentCache full:https://registry.npmjs.org/@esbuild%2fopenbsd-arm64 set size:undefined disposed:false
388 silly fetch manifest source-map-js@^1.2.1
389 silly packumentCache full:https://registry.npmjs.org/source-map-js cache-miss
390 http fetch GET 200 https://registry.npmjs.org/@esbuild%2fopenbsd-x64 57ms (cache miss)
391 silly packumentCache full:https://registry.npmjs.org/@esbuild%2fopenbsd-x64 set size:undefined disposed:false
392 silly fetch manifest @types/estree@1.0.8
393 silly packumentCache full:https://registry.npmjs.org/@types%2festree cache-miss
394 http fetch GET 200 https://registry.npmjs.org/@esbuild%2fopenharmony-arm64 55ms (cache miss)
395 silly packumentCache full:https://registry.npmjs.org/@esbuild%2fopenharmony-arm64 set size:undefined disposed:false
396 silly fetch manifest @rollup/rollup-darwin-arm64@4.57.1
397 silly packumentCache full:https://registry.npmjs.org/@rollup%2frollup-darwin-arm64 cache-miss
398 http fetch GET 200 https://registry.npmjs.org/@esbuild%2fsunos-x64 74ms (cache miss)
399 silly packumentCache full:https://registry.npmjs.org/@esbuild%2fsunos-x64 set size:undefined disposed:false
400 silly fetch manifest @rollup/rollup-android-arm64@4.57.1
401 silly packumentCache full:https://registry.npmjs.org/@rollup%2frollup-android-arm64 cache-miss
402 http fetch GET 200 https://registry.npmjs.org/@esbuild%2fwin32-ia32 60ms (cache miss)
403 silly packumentCache full:https://registry.npmjs.org/@esbuild%2fwin32-ia32 set size:undefined disposed:false
404 silly fetch manifest @rollup/rollup-win32-arm64-msvc@4.57.1
405 silly packumentCache full:https://registry.npmjs.org/@rollup%2frollup-win32-arm64-msvc cache-miss
406 http fetch GET 200 https://registry.npmjs.org/source-map-js 40ms (cache miss)
407 silly packumentCache full:https://registry.npmjs.org/source-map-js set size:undefined disposed:false
408 silly fetch manifest @rollup/rollup-freebsd-arm64@4.57.1
409 silly packumentCache full:https://registry.npmjs.org/@rollup%2frollup-freebsd-arm64 cache-miss
410 http fetch GET 200 https://registry.npmjs.org/nanoid 57ms (cache miss)
411 silly packumentCache full:https://registry.npmjs.org/nanoid set size:undefined disposed:false
412 silly fetch manifest @rollup/rollup-linux-arm64-gnu@4.57.1
413 silly packumentCache full:https://registry.npmjs.org/@rollup%2frollup-linux-arm64-gnu cache-miss
414 http fetch GET 200 https://registry.npmjs.org/@esbuild%2fwin32-x64 71ms (cache miss)
415 silly packumentCache full:https://registry.npmjs.org/@esbuild%2fwin32-x64 set size:undefined disposed:false
416 silly fetch manifest @rollup/rollup-linux-arm64-musl@4.57.1
417 silly packumentCache full:https://registry.npmjs.org/@rollup%2frollup-linux-arm64-musl cache-miss
418 http fetch GET 200 https://registry.npmjs.org/@types%2festree 51ms (cache miss)
419 silly packumentCache full:https://registry.npmjs.org/@types%2festree set size:undefined disposed:false
420 silly fetch manifest @rollup/rollup-android-arm-eabi@4.57.1
421 silly packumentCache full:https://registry.npmjs.org/@rollup%2frollup-android-arm-eabi cache-miss
422 http fetch GET 200 https://registry.npmjs.org/@rollup%2frollup-android-arm64 53ms (cache miss)
423 silly packumentCache full:https://registry.npmjs.org/@rollup%2frollup-android-arm64 set size:undefined disposed:false
424 silly fetch manifest @rollup/rollup-linux-arm-gnueabihf@4.57.1
425 silly packumentCache full:https://registry.npmjs.org/@rollup%2frollup-linux-arm-gnueabihf cache-miss
426 http fetch GET 200 https://registry.npmjs.org/@esbuild%2fwin32-arm64 127ms (cache miss)
427 silly packumentCache full:https://registry.npmjs.org/@esbuild%2fwin32-arm64 set size:undefined disposed:false
428 silly fetch manifest @rollup/rollup-linux-arm-musleabihf@4.57.1
429 silly packumentCache full:https://registry.npmjs.org/@rollup%2frollup-linux-arm-musleabihf cache-miss
430 http fetch GET 200 https://registry.npmjs.org/@rollup%2frollup-freebsd-arm64 60ms (cache miss)
431 silly packumentCache full:https://registry.npmjs.org/@rollup%2frollup-freebsd-arm64 set size:undefined disposed:false
432 silly fetch manifest @rollup/rollup-win32-ia32-msvc@4.57.1
433 silly packumentCache full:https://registry.npmjs.org/@rollup%2frollup-win32-ia32-msvc cache-miss
434 http fetch GET 200 https://registry.npmjs.org/@rollup%2frollup-linux-arm64-gnu 53ms (cache miss)
435 silly packumentCache full:https://registry.npmjs.org/@rollup%2frollup-linux-arm64-gnu set size:undefined disposed:false
436 silly fetch manifest @rollup/rollup-linux-loong64-gnu@4.57.1
437 silly packumentCache full:https://registry.npmjs.org/@rollup%2frollup-linux-loong64-gnu cache-miss
438 http fetch GET 200 https://registry.npmjs.org/@rollup%2frollup-darwin-arm64 96ms (cache miss)
439 silly packumentCache full:https://registry.npmjs.org/@rollup%2frollup-darwin-arm64 set size:undefined disposed:false
440 silly fetch manifest @rollup/rollup-linux-loong64-musl@4.57.1
441 silly packumentCache full:https://registry.npmjs.org/@rollup%2frollup-linux-loong64-musl cache-miss
442 http fetch GET 200 https://registry.npmjs.org/@rollup%2frollup-win32-arm64-msvc 81ms (cache miss)
443 silly packumentCache full:https://registry.npmjs.org/@rollup%2frollup-win32-arm64-msvc set size:undefined disposed:false
444 silly fetch manifest @rollup/rollup-linux-riscv64-gnu@4.57.1
445 silly packumentCache full:https://registry.npmjs.org/@rollup%2frollup-linux-riscv64-gnu cache-miss
446 http fetch GET 200 https://registry.npmjs.org/@rollup%2frollup-linux-arm64-musl 66ms (cache miss)
447 silly packumentCache full:https://registry.npmjs.org/@rollup%2frollup-linux-arm64-musl set size:undefined disposed:false
448 silly fetch manifest @rollup/rollup-linux-riscv64-musl@4.57.1
449 silly packumentCache full:https://registry.npmjs.org/@rollup%2frollup-linux-riscv64-musl cache-miss
450 http fetch GET 200 https://registry.npmjs.org/@rollup%2frollup-android-arm-eabi 60ms (cache miss)
451 silly packumentCache full:https://registry.npmjs.org/@rollup%2frollup-android-arm-eabi set size:undefined disposed:false
452 silly fetch manifest @rollup/rollup-linux-ppc64-gnu@4.57.1
453 silly packumentCache full:https://registry.npmjs.org/@rollup%2frollup-linux-ppc64-gnu cache-miss
454 http fetch GET 200 https://registry.npmjs.org/@rollup%2frollup-linux-arm-gnueabihf 50ms (cache miss)
455 silly packumentCache full:https://registry.npmjs.org/@rollup%2frollup-linux-arm-gnueabihf set size:undefined disposed:false
456 silly fetch manifest @rollup/rollup-linux-ppc64-musl@4.57.1
457 silly packumentCache full:https://registry.npmjs.org/@rollup%2frollup-linux-ppc64-musl cache-miss
458 http fetch GET 200 https://registry.npmjs.org/@rollup%2frollup-linux-loong64-musl 124ms (cache miss)
459 silly packumentCache full:https://registry.npmjs.org/@rollup%2frollup-linux-loong64-musl set size:undefined disposed:false
460 silly fetch manifest @rollup/rollup-linux-s390x-gnu@4.57.1
461 silly packumentCache full:https://registry.npmjs.org/@rollup%2frollup-linux-s390x-gnu cache-miss
462 http fetch GET 200 https://registry.npmjs.org/@rollup%2frollup-linux-ppc64-gnu 116ms (cache miss)
463 silly packumentCache full:https://registry.npmjs.org/@rollup%2frollup-linux-ppc64-gnu set size:undefined disposed:false
464 silly fetch manifest @rollup/rollup-darwin-x64@4.57.1
465 silly packumentCache full:https://registry.npmjs.org/@rollup%2frollup-darwin-x64 cache-miss
466 http fetch GET 200 https://registry.npmjs.org/@rollup%2frollup-linux-riscv64-musl 118ms (cache miss)
467 silly packumentCache full:https://registry.npmjs.org/@rollup%2frollup-linux-riscv64-musl set size:undefined disposed:false
468 silly fetch manifest @rollup/rollup-win32-x64-gnu@4.57.1
469 silly packumentCache full:https://registry.npmjs.org/@rollup%2frollup-win32-x64-gnu cache-miss
470 http fetch GET 200 https://registry.npmjs.org/@rollup%2frollup-linux-loong64-gnu 128ms (cache miss)
471 silly packumentCache full:https://registry.npmjs.org/@rollup%2frollup-linux-loong64-gnu set size:undefined disposed:false
472 silly fetch manifest @rollup/rollup-win32-x64-msvc@4.57.1
473 silly packumentCache full:https://registry.npmjs.org/@rollup%2frollup-win32-x64-msvc cache-miss
474 http fetch GET 200 https://registry.npmjs.org/@rollup%2frollup-linux-riscv64-gnu 121ms (cache miss)
475 silly packumentCache full:https://registry.npmjs.org/@rollup%2frollup-linux-riscv64-gnu set size:undefined disposed:false
476 silly fetch manifest @rollup/rollup-freebsd-x64@4.57.1
477 silly packumentCache full:https://registry.npmjs.org/@rollup%2frollup-freebsd-x64 cache-miss
478 http fetch GET 200 https://registry.npmjs.org/@rollup%2frollup-win32-ia32-msvc 139ms (cache miss)
479 silly packumentCache full:https://registry.npmjs.org/@rollup%2frollup-win32-ia32-msvc set size:undefined disposed:false
480 silly fetch manifest @rollup/rollup-linux-x64-gnu@4.57.1
481 silly packumentCache full:https://registry.npmjs.org/@rollup%2frollup-linux-x64-gnu cache-miss
482 http fetch GET 200 https://registry.npmjs.org/@rollup%2frollup-linux-arm-musleabihf 148ms (cache miss)
483 silly packumentCache full:https://registry.npmjs.org/@rollup%2frollup-linux-arm-musleabihf set size:undefined disposed:false
484 silly fetch manifest @rollup/rollup-linux-x64-musl@4.57.1
485 silly packumentCache full:https://registry.npmjs.org/@rollup%2frollup-linux-x64-musl cache-miss
486 http fetch GET 200 https://registry.npmjs.org/@rollup%2frollup-linux-ppc64-musl 127ms (cache miss)
487 silly packumentCache full:https://registry.npmjs.org/@rollup%2frollup-linux-ppc64-musl set size:undefined disposed:false
488 silly fetch manifest @rollup/rollup-openbsd-x64@4.57.1
489 silly packumentCache full:https://registry.npmjs.org/@rollup%2frollup-openbsd-x64 cache-miss
490 http fetch GET 200 https://registry.npmjs.org/@rollup%2frollup-linux-s390x-gnu 46ms (cache miss)
491 silly packumentCache full:https://registry.npmjs.org/@rollup%2frollup-linux-s390x-gnu set size:undefined disposed:false
492 silly fetch manifest @rollup/rollup-openharmony-arm64@4.57.1
493 silly packumentCache full:https://registry.npmjs.org/@rollup%2frollup-openharmony-arm64 cache-miss
494 http fetch GET 200 https://registry.npmjs.org/@rollup%2frollup-openbsd-x64 51ms (cache miss)
495 silly packumentCache full:https://registry.npmjs.org/@rollup%2frollup-openbsd-x64 set size:undefined disposed:false
496 http fetch GET 200 https://registry.npmjs.org/@rollup%2frollup-freebsd-x64 84ms (cache miss)
497 silly packumentCache full:https://registry.npmjs.org/@rollup%2frollup-freebsd-x64 set size:undefined disposed:false
498 http fetch GET 200 https://registry.npmjs.org/@rollup%2frollup-linux-x64-gnu 84ms (cache miss)
499 silly packumentCache full:https://registry.npmjs.org/@rollup%2frollup-linux-x64-gnu set size:undefined disposed:false
500 http fetch GET 200 https://registry.npmjs.org/@rollup%2frollup-darwin-x64 92ms (cache miss)
501 silly packumentCache full:https://registry.npmjs.org/@rollup%2frollup-darwin-x64 set size:undefined disposed:false
502 http fetch GET 200 https://registry.npmjs.org/@rollup%2frollup-win32-x64-msvc 92ms (cache miss)
503 silly packumentCache full:https://registry.npmjs.org/@rollup%2frollup-win32-x64-msvc set size:undefined disposed:false
504 http fetch GET 200 https://registry.npmjs.org/@rollup%2frollup-win32-x64-gnu 94ms (cache miss)
505 silly packumentCache full:https://registry.npmjs.org/@rollup%2frollup-win32-x64-gnu set size:undefined disposed:false
506 http fetch GET 200 https://registry.npmjs.org/@rollup%2frollup-openharmony-arm64 50ms (cache miss)
507 silly packumentCache full:https://registry.npmjs.org/@rollup%2frollup-openharmony-arm64 set size:undefined disposed:false
508 http fetch GET 200 https://registry.npmjs.org/@rollup%2frollup-linux-x64-musl 137ms (cache miss)
509 silly packumentCache full:https://registry.npmjs.org/@rollup%2frollup-linux-x64-musl set size:undefined disposed:false
510 http fetch GET 200 https://registry.npmjs.org/@esbuild%2flinux-s390x 492ms (cache miss)
511 silly packumentCache full:https://registry.npmjs.org/@esbuild%2flinux-s390x set size:undefined disposed:false
512 silly placeDep ROOT @esbuild/aix-ppc64@0.27.3 OK for: esbuild@0.27.3 want: 0.27.3
513 silly placeDep ROOT @esbuild/android-arm@0.27.3 OK for: esbuild@0.27.3 want: 0.27.3
514 silly placeDep ROOT @esbuild/android-arm64@0.27.3 OK for: esbuild@0.27.3 want: 0.27.3
515 silly placeDep ROOT @esbuild/android-x64@0.27.3 OK for: esbuild@0.27.3 want: 0.27.3
516 silly placeDep ROOT @esbuild/darwin-arm64@0.27.3 OK for: esbuild@0.27.3 want: 0.27.3
517 silly placeDep ROOT @esbuild/darwin-x64@0.27.3 OK for: esbuild@0.27.3 want: 0.27.3
518 silly placeDep ROOT @esbuild/freebsd-arm64@0.27.3 OK for: esbuild@0.27.3 want: 0.27.3
519 silly placeDep ROOT @esbuild/freebsd-x64@0.27.3 OK for: esbuild@0.27.3 want: 0.27.3
520 silly placeDep ROOT @esbuild/linux-arm@0.27.3 OK for: esbuild@0.27.3 want: 0.27.3
521 silly placeDep ROOT @esbuild/linux-arm64@0.27.3 OK for: esbuild@0.27.3 want: 0.27.3
522 silly placeDep ROOT @esbuild/linux-ia32@0.27.3 OK for: esbuild@0.27.3 want: 0.27.3
523 silly placeDep ROOT @esbuild/linux-loong64@0.27.3 OK for: esbuild@0.27.3 want: 0.27.3
524 silly placeDep ROOT @esbuild/linux-mips64el@0.27.3 OK for: esbuild@0.27.3 want: 0.27.3
525 silly placeDep ROOT @esbuild/linux-ppc64@0.27.3 OK for: esbuild@0.27.3 want: 0.27.3
526 silly placeDep ROOT @esbuild/linux-riscv64@0.27.3 OK for: esbuild@0.27.3 want: 0.27.3
527 silly placeDep ROOT @esbuild/linux-s390x@0.27.3 OK for: esbuild@0.27.3 want: 0.27.3
528 silly placeDep ROOT @esbuild/linux-x64@0.27.3 OK for: esbuild@0.27.3 want: 0.27.3
529 silly placeDep ROOT @esbuild/netbsd-arm64@0.27.3 OK for: esbuild@0.27.3 want: 0.27.3
530 silly placeDep ROOT @esbuild/netbsd-x64@0.27.3 OK for: esbuild@0.27.3 want: 0.27.3
531 silly placeDep ROOT @esbuild/openbsd-arm64@0.27.3 OK for: esbuild@0.27.3 want: 0.27.3
532 silly placeDep ROOT @esbuild/openbsd-x64@0.27.3 OK for: esbuild@0.27.3 want: 0.27.3
533 silly placeDep ROOT @esbuild/openharmony-arm64@0.27.3 OK for: esbuild@0.27.3 want: 0.27.3
534 silly placeDep ROOT @esbuild/sunos-x64@0.27.3 OK for: esbuild@0.27.3 want: 0.27.3
535 silly placeDep ROOT @esbuild/win32-arm64@0.27.3 OK for: esbuild@0.27.3 want: 0.27.3
536 silly placeDep ROOT @esbuild/win32-ia32@0.27.3 OK for: esbuild@0.27.3 want: 0.27.3
537 silly placeDep ROOT @esbuild/win32-x64@0.27.3 OK for: esbuild@0.27.3 want: 0.27.3
538 silly placeDep ROOT nanoid@3.3.11 OK for: postcss@8.5.6 want: ^3.3.11
539 silly placeDep ROOT source-map-js@1.2.1 OK for: postcss@8.5.6 want: ^1.2.1
540 silly placeDep ROOT @rollup/rollup-android-arm-eabi@4.57.1 OK for: rollup@4.57.1 want: 4.57.1
541 silly placeDep ROOT @rollup/rollup-android-arm64@4.57.1 OK for: rollup@4.57.1 want: 4.57.1
542 silly placeDep ROOT @rollup/rollup-darwin-arm64@4.57.1 OK for: rollup@4.57.1 want: 4.57.1
543 silly placeDep ROOT @rollup/rollup-darwin-x64@4.57.1 OK for: rollup@4.57.1 want: 4.57.1
544 silly placeDep ROOT @rollup/rollup-freebsd-arm64@4.57.1 OK for: rollup@4.57.1 want: 4.57.1
545 silly placeDep ROOT @rollup/rollup-freebsd-x64@4.57.1 OK for: rollup@4.57.1 want: 4.57.1
546 silly placeDep ROOT @rollup/rollup-linux-arm-gnueabihf@4.57.1 OK for: rollup@4.57.1 want: 4.57.1
547 silly placeDep ROOT @rollup/rollup-linux-arm-musleabihf@4.57.1 OK for: rollup@4.57.1 want: 4.57.1
548 silly placeDep ROOT @rollup/rollup-linux-arm64-gnu@4.57.1 OK for: rollup@4.57.1 want: 4.57.1
549 silly placeDep ROOT @rollup/rollup-linux-arm64-musl@4.57.1 OK for: rollup@4.57.1 want: 4.57.1
550 silly placeDep ROOT @rollup/rollup-linux-loong64-gnu@4.57.1 OK for: rollup@4.57.1 want: 4.57.1
551 silly placeDep ROOT @rollup/rollup-linux-loong64-musl@4.57.1 OK for: rollup@4.57.1 want: 4.57.1
552 silly placeDep ROOT @rollup/rollup-linux-ppc64-gnu@4.57.1 OK for: rollup@4.57.1 want: 4.57.1
553 silly placeDep ROOT @rollup/rollup-linux-ppc64-musl@4.57.1 OK for: rollup@4.57.1 want: 4.57.1
554 silly placeDep ROOT @rollup/rollup-linux-riscv64-gnu@4.57.1 OK for: rollup@4.57.1 want: 4.57.1
555 silly placeDep ROOT @rollup/rollup-linux-riscv64-musl@4.57.1 OK for: rollup@4.57.1 want: 4.57.1
556 silly placeDep ROOT @rollup/rollup-linux-s390x-gnu@4.57.1 OK for: rollup@4.57.1 want: 4.57.1
557 silly placeDep ROOT @rollup/rollup-linux-x64-gnu@4.57.1 OK for: rollup@4.57.1 want: 4.57.1
558 silly placeDep ROOT @rollup/rollup-linux-x64-musl@4.57.1 OK for: rollup@4.57.1 want: 4.57.1
559 silly placeDep ROOT @rollup/rollup-openbsd-x64@4.57.1 OK for: rollup@4.57.1 want: 4.57.1
560 silly placeDep ROOT @rollup/rollup-openharmony-arm64@4.57.1 OK for: rollup@4.57.1 want: 4.57.1
561 silly placeDep ROOT @rollup/rollup-win32-arm64-msvc@4.57.1 OK for: rollup@4.57.1 want: 4.57.1
562 silly placeDep ROOT @rollup/rollup-win32-ia32-msvc@4.57.1 OK for: rollup@4.57.1 want: 4.57.1
563 silly placeDep ROOT @rollup/rollup-win32-x64-gnu@4.57.1 OK for: rollup@4.57.1 want: 4.57.1
564 silly placeDep ROOT @rollup/rollup-win32-x64-msvc@4.57.1 OK for: rollup@4.57.1 want: 4.57.1
565 silly placeDep ROOT @types/estree@1.0.8 OK for: rollup@4.57.1 want: 1.0.8
566 silly reify mark retired [
566 silly reify   '/Users/aitern/ai-office/shared/projects/the-golden-bean/web/node_modules/yaml'
566 silly reify ]
567 silly reify moves {
567 silly reify   '/Users/aitern/ai-office/shared/projects/the-golden-bean/web/node_modules/yaml': '/Users/aitern/ai-office/shared/projects/the-golden-bean/web/node_modules/.yaml-AsWj6g5X'
567 silly reify }
568 silly audit bulk request {
568 silly audit   '@babel/code-frame': [ '7.29.0' ],
568 silly audit   '@babel/generator': [ '7.29.1' ],
568 silly audit   '@babel/helper-globals': [ '7.28.0' ],
568 silly audit   '@babel/helper-module-imports': [ '7.28.6' ],
568 silly audit   '@babel/helper-string-parser': [ '7.27.1' ],
568 silly audit   '@babel/helper-validator-identifier': [ '7.28.5' ],
568 silly audit   '@babel/parser': [ '7.29.0' ],
568 silly audit   '@babel/runtime': [ '7.28.6' ],
568 silly audit   '@babel/template': [ '7.28.6' ],
568 silly audit   '@babel/traverse': [ '7.29.0' ],
568 silly audit   '@babel/types': [ '7.29.0' ],
568 silly audit   '@emotion/babel-plugin': [ '11.13.5' ],
568 silly audit   '@emotion/cache': [ '11.14.0' ],
568 silly audit   '@emotion/hash': [ '0.9.2' ],
568 silly audit   '@emotion/is-prop-valid': [ '1.4.0' ],
568 silly audit   '@emotion/memoize': [ '0.9.0' ],
568 silly audit   '@emotion/react': [ '11.14.0' ],
568 silly audit   '@emotion/serialize': [ '1.3.3' ],
568 silly audit   '@emotion/sheet': [ '1.4.0' ],
568 silly audit   '@emotion/styled': [ '11.14.1' ],
568 silly audit   '@emotion/unitless': [ '0.10.0' ],
568 silly audit   '@emotion/use-insertion-effect-with-fallbacks': [ '1.2.0' ],
568 silly audit   '@emotion/utils': [ '1.4.2' ],
568 silly audit   '@emotion/weak-memoize': [ '0.4.0' ],
568 silly audit   '@jridgewell/gen-mapping': [ '0.3.13' ],
568 silly audit   '@jridgewell/resolve-uri': [ '3.1.2' ],
568 silly audit   '@jridgewell/sourcemap-codec': [ '1.5.5' ],
568 silly audit   '@jridgewell/trace-mapping': [ '0.3.31' ],
568 silly audit   '@mui/core-downloads-tracker': [ '7.3.8' ],
568 silly audit   '@mui/icons-material': [ '7.3.8' ],
568 silly audit   '@mui/material': [ '7.3.8' ],
568 silly audit   '@mui/private-theming': [ '7.3.8' ],
568 silly audit   '@mui/styled-engine': [ '7.3.8' ],
568 silly audit   '@mui/system': [ '7.3.8' ],
568 silly audit   '@mui/types': [ '7.4.11' ],
568 silly audit   '@mui/utils': [ '7.3.8' ],
568 silly audit   '@popperjs/core': [ '2.11.8' ],
568 silly audit   '@types/parse-json': [ '4.0.2' ],
568 silly audit   '@types/prop-types': [ '15.7.15' ],
568 silly audit   '@types/react-transition-group': [ '4.4.12' ],
568 silly audit   'babel-plugin-macros': [ '3.1.0' ],
568 silly audit   callsites: [ '3.1.0' ],
568 silly audit   clsx: [ '2.1.1' ],
568 silly audit   'convert-source-map': [ '1.9.0', '2.0.0' ],
568 silly audit   cosmiconfig: [ '7.1.0' ],
568 silly audit   csstype: [ '3.2.3' ],
568 silly audit   debug: [ '4.4.3' ],
568 silly audit   'dom-helpers': [ '5.2.1' ],
568 silly audit   'error-ex': [ '1.3.4' ],
568 silly audit   'escape-string-regexp': [ '4.0.0' ],
568 silly audit   'find-root': [ '1.1.0' ],
568 silly audit   'function-bind': [ '1.1.2' ],
568 silly audit   hasown: [ '2.0.2' ],
568 silly audit   'hoist-non-react-statics': [ '3.3.2' ],
568 silly audit   'react-is': [ '16.13.1', '19.2.4' ],
568 silly audit   'import-fresh': [ '3.3.1' ],
568 silly audit   'is-arrayish': [ '0.2.1' ],
568 silly audit   'is-core-module': [ '2.16.1' ],
568 silly audit   'js-tokens': [ '4.0.0' ],
568 silly audit   jsesc: [ '3.1.0' ],
568 silly audit   'json-parse-even-better-errors': [ '2.3.1' ],
568 silly audit   'lines-and-columns': [ '1.2.4' ],
568 silly audit   'loose-envify': [ '1.4.0' ],
568 silly audit   ms: [ '2.1.3' ],
568 silly audit   'object-assign': [ '4.1.1' ],
568 silly audit   'parent-module': [ '1.0.1' ],
568 silly audit   'parse-json': [ '5.2.0' ],
568 silly audit   'path-parse': [ '1.0.7' ],
568 silly audit   'path-type': [ '4.0.0' ],
568 silly audit   picocolors: [ '1.1.1' ],
568 silly audit   'prop-types': [ '15.8.1' ],
568 silly audit   react: [ '19.2.4' ],
568 silly audit   'react-dom': [ '19.2.4' ],
568 silly audit   'react-transition-group': [ '4.4.5' ],
568 silly audit   resolve: [ '1.22.11' ],
568 silly audit   'resolve-from': [ '4.0.0' ],
568 silly audit   scheduler: [ '0.27.0' ],
568 silly audit   'source-map': [ '0.5.7' ],
568 silly audit   stylis: [ '4.2.0' ],
568 silly audit   'supports-preserve-symlinks-flag': [ '1.0.0' ],
568 silly audit   '@types/react': [ '19.2.14' ],
568 silly audit   '@types/react-dom': [ '19.2.3' ],
568 silly audit   '@vitejs/plugin-react': [ '5.1.4' ],
568 silly audit   yaml: [ '1.10.2' ],
568 silly audit   typescript: [ '5.9.3' ],
568 silly audit   vite: [ '7.3.1' ],
568 silly audit   '@babel/core': [ '7.29.0' ],
568 silly audit   '@babel/plugin-transform-react-jsx-self': [ '7.27.1' ],
568 silly audit   '@babel/plugin-transform-react-jsx-source': [ '7.27.1' ],
568 silly audit   '@rolldown/pluginutils': [ '1.0.0-rc.3' ],
568 silly audit   '@types/babel__core': [ '7.20.5' ],
568 silly audit   'react-refresh': [ '0.18.0' ],
568 silly audit   '@babel/helper-compilation-targets': [ '7.28.6' ],
568 silly audit   '@babel/helper-module-transforms': [ '7.28.6' ],
568 silly audit   '@babel/helpers': [ '7.28.6' ],
568 silly audit   '@jridgewell/remapping': [ '2.3.5' ],
568 silly audit   gensync: [ '1.0.0-beta.2' ],
568 silly audit   json5: [ '2.2.3' ],
568 silly audit   semver: [ '6.3.1' ],
568 silly audit   '@babel/compat-data': [ '7.29.0' ],
568 silly audit   '@babel/helper-validator-option': [ '7.27.1' ],
568 silly audit   browserslist: [ '4.28.1' ],
568 silly audit   'lru-cache': [ '5.1.1' ],
568 silly audit   '@babel/helper-plugin-utils': [ '7.28.6' ],
568 silly audit   '@types/babel__generator': [ '7.27.0' ],
568 silly audit   '@types/babel__template': [ '7.4.4' ],
568 silly audit   '@types/babel__traverse': [ '7.28.0' ],
568 silly audit   'baseline-browser-mapping': [ '2.9.19' ],
568 silly audit   'caniuse-lite': [ '1.0.30001770' ],
568 silly audit   'electron-to-chromium': [ '1.5.286' ],
568 silly audit   'node-releases': [ '2.0.27' ],
568 silly audit   'update-browserslist-db': [ '1.2.3' ],
568 silly audit   yallist: [ '3.1.1' ],
568 silly audit   escalade: [ '3.2.0' ],
568 silly audit   esbuild: [ '0.27.3' ],
568 silly audit   fdir: [ '6.5.0' ],
568 silly audit   fsevents: [ '2.3.3' ],
568 silly audit   picomatch: [ '4.0.3' ],
568 silly audit   postcss: [ '8.5.6' ],
568 silly audit   rollup: [ '4.57.1' ],
568 silly audit   tinyglobby: [ '0.2.15' ],
568 silly audit   '@esbuild/aix-ppc64': [ '0.27.3' ],
568 silly audit   '@esbuild/android-arm': [ '0.27.3' ],
568 silly audit   '@esbuild/android-arm64': [ '0.27.3' ],
568 silly audit   '@esbuild/android-x64': [ '0.27.3' ],
568 silly audit   '@esbuild/darwin-arm64': [ '0.27.3' ],
568 silly audit   '@esbuild/darwin-x64': [ '0.27.3' ],
568 silly audit   '@esbuild/freebsd-arm64': [ '0.27.3' ],
568 silly audit   '@esbuild/freebsd-x64': [ '0.27.3' ],
568 silly audit   '@esbuild/linux-arm': [ '0.27.3' ],
568 silly audit   '@esbuild/linux-arm64': [ '0.27.3' ],
568 silly audit   '@esbuild/linux-ia32': [ '0.27.3' ],
568 silly audit   '@esbuild/linux-loong64': [ '0.27.3' ],
568 silly audit   '@esbuild/linux-mips64el': [ '0.27.3' ],
568 silly audit   '@esbuild/linux-ppc64': [ '0.27.3' ],
568 silly audit   '@esbuild/linux-riscv64': [ '0.27.3' ],
568 silly audit   '@esbuild/linux-s390x': [ '0.27.3' ],
568 silly audit   '@esbuild/linux-x64': [ '0.27.3' ],
568 silly audit   '@esbuild/netbsd-arm64': [ '0.27.3' ],
568 silly audit   '@esbuild/netbsd-x64': [ '0.27.3' ],
568 silly audit   '@esbuild/openbsd-arm64': [ '0.27.3' ],
568 silly audit   '@esbuild/openbsd-x64': [ '0.27.3' ],
568 silly audit   '@esbuild/openharmony-arm64': [ '0.27.3' ],
568 silly audit   '@esbuild/sunos-x64': [ '0.27.3' ],
568 silly audit   '@esbuild/win32-arm64': [ '0.27.3' ],
568 silly audit   '@esbuild/win32-ia32': [ '0.27.3' ],
568 silly audit   '@esbuild/win32-x64': [ '0.27.3' ],
568 silly audit   nanoid: [ '3.3.11' ],
568 silly audit   'source-map-js': [ '1.2.1' ],
568 silly audit   '@rollup/rollup-android-arm-eabi': [ '4.57.1' ],
568 silly audit   '@rollup/rollup-android-arm64': [ '4.57.1' ],
568 silly audit   '@rollup/rollup-darwin-arm64': [ '4.57.1' ],
568 silly audit   '@rollup/rollup-darwin-x64': [ '4.57.1' ],
568 silly audit   '@rollup/rollup-freebsd-arm64': [ '4.57.1' ],
568 silly audit   '@rollup/rollup-freebsd-x64': [ '4.57.1' ],
568 silly audit   '@rollup/rollup-linux-arm-gnueabihf': [ '4.57.1' ],
568 silly audit   '@rollup/rollup-linux-arm-musleabihf': [ '4.57.1' ],
568 silly audit   '@rollup/rollup-linux-arm64-gnu': [ '4.57.1' ],
568 silly audit   '@rollup/rollup-linux-arm64-musl': [ '4.57.1' ],
568 silly audit   '@rollup/rollup-linux-loong64-gnu': [ '4.57.1' ],
568 silly audit   '@rollup/rollup-linux-loong64-musl': [ '4.57.1' ],
568 silly audit   '@rollup/rollup-linux-ppc64-gnu': [ '4.57.1' ],
568 silly audit   '@rollup/rollup-linux-ppc64-musl': [ '4.57.1' ],
568 silly audit   '@rollup/rollup-linux-riscv64-gnu': [ '4.57.1' ],
568 silly audit   '@rollup/rollup-linux-riscv64-musl': [ '4.57.1' ],
568 silly audit   '@rollup/rollup-linux-s390x-gnu': [ '4.57.1' ],
568 silly audit   '@rollup/rollup-linux-x64-gnu': [ '4.57.1' ],
568 silly audit   '@rollup/rollup-linux-x64-musl': [ '4.57.1' ],
568 silly audit   '@rollup/rollup-openbsd-x64': [ '4.57.1' ],
568 silly audit   '@rollup/rollup-openharmony-arm64': [ '4.57.1' ],
568 silly audit   '@rollup/rollup-win32-arm64-msvc': [ '4.57.1' ],
568 silly audit   '@rollup/rollup-win32-ia32-msvc': [ '4.57.1' ],
568 silly audit   '@rollup/rollup-win32-x64-gnu': [ '4.57.1' ],
568 silly audit   '@rollup/rollup-win32-x64-msvc': [ '4.57.1' ],
568 silly audit   '@types/estree': [ '1.0.8' ]
568 silly audit }
569 http cache @rollup/rollup-darwin-arm64@https://registry.npmjs.org/@rollup/rollup-darwin-arm64/-/rollup-darwin-arm64-4.57.1.tgz 0ms (cache hit)
570 http cache @types/estree@https://registry.npmjs.org/@types/estree/-/estree-1.0.8.tgz 0ms (cache hit)
571 http cache tinyglobby@https://registry.npmjs.org/tinyglobby/-/tinyglobby-0.2.15.tgz 0ms (cache hit)
572 http cache source-map-js@https://registry.npmjs.org/source-map-js/-/source-map-js-1.2.1.tgz 0ms (cache hit)
573 http cache nanoid@https://registry.npmjs.org/nanoid/-/nanoid-3.3.11.tgz 0ms (cache hit)
574 http cache rollup@https://registry.npmjs.org/rollup/-/rollup-4.57.1.tgz 0ms (cache hit)
575 http cache postcss@https://registry.npmjs.org/postcss/-/postcss-8.5.6.tgz 0ms (cache hit)
576 http cache @esbuild/darwin-arm64@https://registry.npmjs.org/@esbuild/darwin-arm64/-/darwin-arm64-0.27.3.tgz 0ms (cache hit)
577 http cache fsevents@https://registry.npmjs.org/fsevents/-/fsevents-2.3.3.tgz 0ms (cache hit)
578 http cache picomatch@https://registry.npmjs.org/picomatch/-/picomatch-4.0.3.tgz 0ms (cache hit)
579 http cache update-browserslist-db@https://registry.npmjs.org/update-browserslist-db/-/update-browserslist-db-1.2.3.tgz 0ms (cache hit)
580 http cache yallist@https://registry.npmjs.org/yallist/-/yallist-3.1.1.tgz 0ms (cache hit)
581 http cache electron-to-chromium@https://registry.npmjs.org/electron-to-chromium/-/electron-to-chromium-1.5.286.tgz 0ms (cache hit)
582 http cache node-releases@https://registry.npmjs.org/node-releases/-/node-releases-2.0.27.tgz 0ms (cache hit)
583 http cache fdir@https://registry.npmjs.org/fdir/-/fdir-6.5.0.tgz 0ms (cache hit)
584 http cache caniuse-lite@https://registry.npmjs.org/caniuse-lite/-/caniuse-lite-1.0.30001770.tgz 0ms (cache hit)
585 http cache escalade@https://registry.npmjs.org/escalade/-/escalade-3.2.0.tgz 0ms (cache hit)
586 http cache @types/babel__traverse@https://registry.npmjs.org/@types/babel__traverse/-/babel__traverse-7.28.0.tgz 0ms (cache hit)
587 http cache @types/babel__template@https://registry.npmjs.org/@types/babel__template/-/babel__template-7.4.4.tgz 0ms (cache hit)
588 http cache @babel/helper-plugin-utils@https://registry.npmjs.org/@babel/helper-plugin-utils/-/helper-plugin-utils-7.28.6.tgz 0ms (cache hit)
589 http cache esbuild@https://registry.npmjs.org/esbuild/-/esbuild-0.27.3.tgz 0ms (cache hit)
590 http cache lru-cache@https://registry.npmjs.org/lru-cache/-/lru-cache-5.1.1.tgz 0ms (cache hit)
591 http cache browserslist@https://registry.npmjs.org/browserslist/-/browserslist-4.28.1.tgz 0ms (cache hit)
592 http cache semver@https://registry.npmjs.org/semver/-/semver-6.3.1.tgz 0ms (cache hit)
593 http cache baseline-browser-mapping@https://registry.npmjs.org/baseline-browser-mapping/-/baseline-browser-mapping-2.9.19.tgz 0ms (cache hit)
594 http cache @types/babel__generator@https://registry.npmjs.org/@types/babel__generator/-/babel__generator-7.27.0.tgz 0ms (cache hit)
595 http cache gensync@https://registry.npmjs.org/gensync/-/gensync-1.0.0-beta.2.tgz 0ms (cache hit)
596 http cache @babel/compat-data@https://registry.npmjs.org/@babel/compat-data/-/compat-data-7.29.0.tgz 0ms (cache hit)
597 http cache json5@https://registry.npmjs.org/json5/-/json5-2.2.3.tgz 0ms (cache hit)
598 http cache @babel/helper-validator-option@https://registry.npmjs.org/@babel/helper-validator-option/-/helper-validator-option-7.27.1.tgz 0ms (cache hit)
599 http cache @jridgewell/remapping@https://registry.npmjs.org/@jridgewell/remapping/-/remapping-2.3.5.tgz 0ms (cache hit)
600 http cache @types/babel__core@https://registry.npmjs.org/@types/babel__core/-/babel__core-7.20.5.tgz 0ms (cache hit)
601 http cache @rolldown/pluginutils@https://registry.npmjs.org/@rolldown/pluginutils/-/pluginutils-1.0.0-rc.3.tgz 0ms (cache hit)
602 http cache @babel/plugin-transform-react-jsx-source@https://registry.npmjs.org/@babel/plugin-transform-react-jsx-source/-/plugin-transform-react-jsx-source-7.27.1.tgz 0ms (cache hit)
603 http cache @babel/plugin-transform-react-jsx-self@https://registry.npmjs.org/@babel/plugin-transform-react-jsx-self/-/plugin-transform-react-jsx-self-7.27.1.tgz 0ms (cache hit)
604 http cache @babel/helpers@https://registry.npmjs.org/@babel/helpers/-/helpers-7.28.6.tgz 0ms (cache hit)
605 http cache @babel/helper-compilation-targets@https://registry.npmjs.org/@babel/helper-compilation-targets/-/helper-compilation-targets-7.28.6.tgz 0ms (cache hit)
606 http cache vite@https://registry.npmjs.org/vite/-/vite-7.3.1.tgz 0ms (cache hit)
607 http cache react-refresh@https://registry.npmjs.org/react-refresh/-/react-refresh-0.18.0.tgz 0ms (cache hit)
608 http cache typescript@https://registry.npmjs.org/typescript/-/typescript-5.9.3.tgz 0ms (cache hit)
609 http cache @babel/core@https://registry.npmjs.org/@babel/core/-/core-7.29.0.tgz 0ms (cache hit)
610 http cache @types/react-dom@https://registry.npmjs.org/@types/react-dom/-/react-dom-19.2.3.tgz 0ms (cache hit)
611 http cache @babel/helper-module-transforms@https://registry.npmjs.org/@babel/helper-module-transforms/-/helper-module-transforms-7.28.6.tgz 0ms (cache hit)
612 http cache convert-source-map@https://registry.npmjs.org/convert-source-map/-/convert-source-map-2.0.0.tgz 0ms (cache hit)
613 silly tarball no local data for @rollup/rollup-darwin-arm64@https://registry.npmjs.org/@rollup/rollup-darwin-arm64/-/rollup-darwin-arm64-4.57.1.tgz. Extracting by manifest.
614 silly tarball no local data for @types/estree@https://registry.npmjs.org/@types/estree/-/estree-1.0.8.tgz. Extracting by manifest.
615 silly tarball no local data for tinyglobby@https://registry.npmjs.org/tinyglobby/-/tinyglobby-0.2.15.tgz. Extracting by manifest.
616 silly tarball no local data for source-map-js@https://registry.npmjs.org/source-map-js/-/source-map-js-1.2.1.tgz. Extracting by manifest.
617 silly tarball no local data for nanoid@https://registry.npmjs.org/nanoid/-/nanoid-3.3.11.tgz. Extracting by manifest.
618 silly tarball no local data for rollup@https://registry.npmjs.org/rollup/-/rollup-4.57.1.tgz. Extracting by manifest.
619 silly tarball no local data for postcss@https://registry.npmjs.org/postcss/-/postcss-8.5.6.tgz. Extracting by manifest.
620 silly tarball no local data for @esbuild/darwin-arm64@https://registry.npmjs.org/@esbuild/darwin-arm64/-/darwin-arm64-0.27.3.tgz. Extracting by manifest.
621 silly tarball no local data for fsevents@https://registry.npmjs.org/fsevents/-/fsevents-2.3.3.tgz. Extracting by manifest.
622 http cache @vitejs/plugin-react@https://registry.npmjs.org/@vitejs/plugin-react/-/plugin-react-5.1.4.tgz 0ms (cache hit)
623 silly tarball no local data for picomatch@https://registry.npmjs.org/picomatch/-/picomatch-4.0.3.tgz. Extracting by manifest.
624 silly tarball no local data for update-browserslist-db@https://registry.npmjs.org/update-browserslist-db/-/update-browserslist-db-1.2.3.tgz. Extracting by manifest.
625 silly tarball no local data for yallist@https://registry.npmjs.org/yallist/-/yallist-3.1.1.tgz. Extracting by manifest.
626 silly tarball no local data for electron-to-chromium@https://registry.npmjs.org/electron-to-chromium/-/electron-to-chromium-1.5.286.tgz. Extracting by manifest.
627 silly tarball no local data for node-releases@https://registry.npmjs.org/node-releases/-/node-releases-2.0.27.tgz. Extracting by manifest.
628 silly tarball no local data for fdir@https://registry.npmjs.org/fdir/-/fdir-6.5.0.tgz. Extracting by manifest.
629 silly tarball no local data for caniuse-lite@https://registry.npmjs.org/caniuse-lite/-/caniuse-lite-1.0.30001770.tgz. Extracting by manifest.
630 silly tarball no local data for escalade@https://registry.npmjs.org/escalade/-/escalade-3.2.0.tgz. Extracting by manifest.
631 silly tarball no local data for @types/babel__traverse@https://registry.npmjs.org/@types/babel__traverse/-/babel__traverse-7.28.0.tgz. Extracting by manifest.
632 http cache yaml@https://registry.npmjs.org/yaml/-/yaml-1.10.2.tgz 0ms (cache hit)
633 silly tarball no local data for @types/babel__template@https://registry.npmjs.org/@types/babel__template/-/babel__template-7.4.4.tgz. Extracting by manifest.
634 silly tarball no local data for @babel/helper-plugin-utils@https://registry.npmjs.org/@babel/helper-plugin-utils/-/helper-plugin-utils-7.28.6.tgz. Extracting by manifest.
635 silly tarball no local data for esbuild@https://registry.npmjs.org/esbuild/-/esbuild-0.27.3.tgz. Extracting by manifest.
636 silly tarball no local data for lru-cache@https://registry.npmjs.org/lru-cache/-/lru-cache-5.1.1.tgz. Extracting by manifest.
637 silly tarball no local data for browserslist@https://registry.npmjs.org/browserslist/-/browserslist-4.28.1.tgz. Extracting by manifest.
638 silly tarball no local data for semver@https://registry.npmjs.org/semver/-/semver-6.3.1.tgz. Extracting by manifest.
639 silly tarball no local data for baseline-browser-mapping@https://registry.npmjs.org/baseline-browser-mapping/-/baseline-browser-mapping-2.9.19.tgz. Extracting by manifest.
640 silly tarball no local data for @types/babel__generator@https://registry.npmjs.org/@types/babel__generator/-/babel__generator-7.27.0.tgz. Extracting by manifest.
641 silly tarball no local data for gensync@https://registry.npmjs.org/gensync/-/gensync-1.0.0-beta.2.tgz. Extracting by manifest.
642 silly tarball no local data for @babel/compat-data@https://registry.npmjs.org/@babel/compat-data/-/compat-data-7.29.0.tgz. Extracting by manifest.
643 silly tarball no local data for json5@https://registry.npmjs.org/json5/-/json5-2.2.3.tgz. Extracting by manifest.
644 silly tarball no local data for @babel/helper-validator-option@https://registry.npmjs.org/@babel/helper-validator-option/-/helper-validator-option-7.27.1.tgz. Extracting by manifest.
645 silly tarball no local data for @jridgewell/remapping@https://registry.npmjs.org/@jridgewell/remapping/-/remapping-2.3.5.tgz. Extracting by manifest.
646 silly tarball no local data for @types/babel__core@https://registry.npmjs.org/@types/babel__core/-/babel__core-7.20.5.tgz. Extracting by manifest.
647 silly tarball no local data for @rolldown/pluginutils@https://registry.npmjs.org/@rolldown/pluginutils/-/pluginutils-1.0.0-rc.3.tgz. Extracting by manifest.
648 silly tarball no local data for @babel/plugin-transform-react-jsx-source@https://registry.npmjs.org/@babel/plugin-transform-react-jsx-source/-/plugin-transform-react-jsx-source-7.27.1.tgz. Extracting by manifest.
649 silly tarball no local data for @babel/plugin-transform-react-jsx-self@https://registry.npmjs.org/@babel/plugin-transform-react-jsx-self/-/plugin-transform-react-jsx-self-7.27.1.tgz. Extracting by manifest.
650 silly tarball no local data for @babel/helpers@https://registry.npmjs.org/@babel/helpers/-/helpers-7.28.6.tgz. Extracting by manifest.
651 silly tarball no local data for @babel/helper-compilation-targets@https://registry.npmjs.org/@babel/helper-compilation-targets/-/helper-compilation-targets-7.28.6.tgz. Extracting by manifest.
652 silly tarball no local data for vite@https://registry.npmjs.org/vite/-/vite-7.3.1.tgz. Extracting by manifest.
653 silly tarball no local data for react-refresh@https://registry.npmjs.org/react-refresh/-/react-refresh-0.18.0.tgz. Extracting by manifest.
654 silly tarball no local data for typescript@https://registry.npmjs.org/typescript/-/typescript-5.9.3.tgz. Extracting by manifest.
655 silly tarball no local data for @babel/core@https://registry.npmjs.org/@babel/core/-/core-7.29.0.tgz. Extracting by manifest.
656 silly tarball no local data for @types/react-dom@https://registry.npmjs.org/@types/react-dom/-/react-dom-19.2.3.tgz. Extracting by manifest.
657 silly tarball no local data for @babel/helper-module-transforms@https://registry.npmjs.org/@babel/helper-module-transforms/-/helper-module-transforms-7.28.6.tgz. Extracting by manifest.
658 silly tarball no local data for convert-source-map@https://registry.npmjs.org/convert-source-map/-/convert-source-map-2.0.0.tgz. Extracting by manifest.
659 silly tarball no local data for @vitejs/plugin-react@https://registry.npmjs.org/@vitejs/plugin-react/-/plugin-react-5.1.4.tgz. Extracting by manifest.
660 http fetch GET 200 https://registry.npmjs.org/nanoid/-/nanoid-3.3.11.tgz 48ms (cache miss)
661 http fetch GET 200 https://registry.npmjs.org/tinyglobby/-/tinyglobby-0.2.15.tgz 48ms (cache miss)
662 http fetch GET 200 https://registry.npmjs.org/source-map-js/-/source-map-js-1.2.1.tgz 48ms (cache miss)
663 http fetch GET 200 https://registry.npmjs.org/@types/estree/-/estree-1.0.8.tgz 72ms (cache miss)
664 http fetch GET 200 https://registry.npmjs.org/update-browserslist-db/-/update-browserslist-db-1.2.3.tgz 116ms (cache miss)
665 http fetch GET 200 https://registry.npmjs.org/@types/babel__traverse/-/babel__traverse-7.28.0.tgz 138ms (cache miss)
666 http fetch GET 200 https://registry.npmjs.org/fdir/-/fdir-6.5.0.tgz 138ms (cache miss)
667 http fetch GET 200 https://registry.npmjs.org/fsevents/-/fsevents-2.3.3.tgz 160ms (cache miss)
668 http fetch GET 200 https://registry.npmjs.org/postcss/-/postcss-8.5.6.tgz 161ms (cache miss)
669 http fetch GET 200 https://registry.npmjs.org/node-releases/-/node-releases-2.0.27.tgz 180ms (cache miss)
670 http fetch GET 200 https://registry.npmjs.org/yallist/-/yallist-3.1.1.tgz 181ms (cache miss)
671 http fetch GET 200 https://registry.npmjs.org/@babel/helper-plugin-utils/-/helper-plugin-utils-7.28.6.tgz 185ms (cache miss)
672 http fetch POST 200 https://registry.npmjs.org/-/npm/v1/security/advisories/bulk 207ms
673 silly audit report {}
674 http fetch GET 200 https://registry.npmjs.org/gensync/-/gensync-1.0.0-beta.2.tgz 233ms (cache miss)
675 http fetch GET 200 https://registry.npmjs.org/@types/babel__generator/-/babel__generator-7.27.0.tgz 233ms (cache miss)
676 http fetch GET 200 https://registry.npmjs.org/browserslist/-/browserslist-4.28.1.tgz 339ms (cache miss)
677 http fetch GET 200 https://registry.npmjs.org/@babel/compat-data/-/compat-data-7.29.0.tgz 339ms (cache miss)
678 http fetch GET 200 https://registry.npmjs.org/semver/-/semver-6.3.1.tgz 340ms (cache miss)
679 http fetch GET 200 https://registry.npmjs.org/json5/-/json5-2.2.3.tgz 342ms (cache miss)
680 http fetch GET 200 https://registry.npmjs.org/picomatch/-/picomatch-4.0.3.tgz 348ms (cache miss)
681 http fetch GET 200 https://registry.npmjs.org/baseline-browser-mapping/-/baseline-browser-mapping-2.9.19.tgz 346ms (cache miss)
682 http fetch GET 200 https://registry.npmjs.org/escalade/-/escalade-3.2.0.tgz 363ms (cache miss)
683 http fetch GET 200 https://registry.npmjs.org/caniuse-lite/-/caniuse-lite-1.0.30001770.tgz 367ms (cache miss)
684 http fetch GET 200 https://registry.npmjs.org/@types/babel__core/-/babel__core-7.20.5.tgz 374ms (cache miss)
685 http fetch GET 200 https://registry.npmjs.org/esbuild/-/esbuild-0.27.3.tgz 467ms (cache miss)
686 http fetch GET 200 https://registry.npmjs.org/@jridgewell/remapping/-/remapping-2.3.5.tgz 469ms (cache miss)
687 http fetch GET 200 https://registry.npmjs.org/vite/-/vite-7.3.1.tgz 531ms (cache miss)
688 http fetch GET 200 https://registry.npmjs.org/@babel/helpers/-/helpers-7.28.6.tgz 546ms (cache miss)
689 http fetch GET 200 https://registry.npmjs.org/react-refresh/-/react-refresh-0.18.0.tgz 552ms (cache miss)
690 http fetch GET 200 https://registry.npmjs.org/@rollup/rollup-darwin-arm64/-/rollup-darwin-arm64-4.57.1.tgz 613ms (cache miss)
691 http fetch GET 200 https://registry.npmjs.org/@types/react-dom/-/react-dom-19.2.3.tgz 623ms (cache miss)
692 http fetch GET 200 https://registry.npmjs.org/@types/babel__template/-/babel__template-7.4.4.tgz 626ms (cache miss)
693 http fetch GET 200 https://registry.npmjs.org/@babel/core/-/core-7.29.0.tgz 624ms (cache miss)
694 http fetch GET 200 https://registry.npmjs.org/@babel/helper-validator-option/-/helper-validator-option-7.27.1.tgz 638ms (cache miss)
695 http fetch GET 200 https://registry.npmjs.org/@babel/plugin-transform-react-jsx-self/-/plugin-transform-react-jsx-self-7.27.1.tgz 640ms (cache miss)
696 http fetch GET 200 https://registry.npmjs.org/convert-source-map/-/convert-source-map-2.0.0.tgz 654ms (cache miss)
697 http fetch GET 200 https://registry.npmjs.org/lru-cache/-/lru-cache-5.1.1.tgz 661ms (cache miss)
698 http fetch GET 200 https://registry.npmjs.org/@vitejs/plugin-react/-/plugin-react-5.1.4.tgz 667ms (cache miss)
699 http fetch GET 200 https://registry.npmjs.org/@babel/plugin-transform-react-jsx-source/-/plugin-transform-react-jsx-source-7.27.1.tgz 670ms (cache miss)
700 http fetch GET 200 https://registry.npmjs.org/@rolldown/pluginutils/-/pluginutils-1.0.0-rc.3.tgz 695ms (cache miss)
701 http fetch GET 200 https://registry.npmjs.org/@babel/helper-compilation-targets/-/helper-compilation-targets-7.28.6.tgz 720ms (cache miss)
702 http fetch GET 200 https://registry.npmjs.org/@babel/helper-module-transforms/-/helper-module-transforms-7.28.6.tgz 852ms (cache miss)
703 http fetch GET 200 https://registry.npmjs.org/electron-to-chromium/-/electron-to-chromium-1.5.286.tgz 871ms (cache miss)
704 http fetch GET 200 https://registry.npmjs.org/rollup/-/rollup-4.57.1.tgz 1215ms (cache miss)
705 http fetch GET 200 https://registry.npmjs.org/@esbuild/darwin-arm64/-/darwin-arm64-0.27.3.tgz 1655ms (cache miss)
706 http fetch GET 200 https://registry.npmjs.org/typescript/-/typescript-5.9.3.tgz 2082ms (cache miss)
707 info run fsevents@2.3.3 install node_modules/fsevents node-gyp rebuild
708 info run fsevents@2.3.3 install { code: 1, signal: null }
709 verbose reify failed optional dependency /Users/aitern/ai-office/shared/projects/the-golden-bean/web/node_modules/fsevents
710 silly reify mark deleted [
710 silly reify   '/Users/aitern/ai-office/shared/projects/the-golden-bean/web/node_modules/fsevents'
710 silly reify ]
711 info run esbuild@0.27.3 postinstall node_modules/esbuild node install.js
712 info run esbuild@0.27.3 postinstall { code: 0, signal: null }
713 silly ADD node_modules/@types/estree
714 silly ADD node_modules/@rollup/rollup-darwin-arm64
715 silly ADD node_modules/source-map-js
716 silly ADD node_modules/nanoid
717 silly ADD node_modules/@esbuild/darwin-arm64
718 silly ADD node_modules/tinyglobby
719 silly ADD node_modules/rollup
720 silly ADD node_modules/postcss
721 silly ADD node_modules/picomatch
722 silly ADD
723 silly ADD node_modules/fdir
724 silly ADD node_modules/esbuild
725 silly ADD node_modules/escalade
726 silly ADD node_modules/yallist
727 silly ADD node_modules/update-browserslist-db
728 silly ADD node_modules/node-releases
729 silly ADD node_modules/electron-to-chromium
730 silly ADD node_modules/caniuse-lite
731 silly ADD node_modules/baseline-browser-mapping
732 silly ADD node_modules/@types/babel__traverse
733 silly ADD node_modules/@types/babel__template
734 silly ADD node_modules/@types/babel__generator
735 silly ADD node_modules/@babel/helper-plugin-utils
736 silly ADD node_modules/lru-cache
737 silly ADD node_modules/browserslist
738 silly ADD node_modules/@babel/helper-validator-option
739 silly ADD node_modules/@babel/compat-data
740 silly ADD node_modules/semver
741 silly ADD node_modules/json5
742 silly ADD node_modules/gensync
743 silly ADD node_modules/@jridgewell/remapping
744 silly ADD node_modules/@babel/helpers
745 silly ADD node_modules/@babel/helper-module-transforms
746 silly ADD node_modules/@babel/helper-compilation-targets
747 silly ADD node_modules/react-refresh
748 silly ADD node_modules/@types/babel__core
749 silly ADD node_modules/@rolldown/pluginutils
750 silly ADD node_modules/@babel/plugin-transform-react-jsx-source
751 silly ADD node_modules/@babel/plugin-transform-react-jsx-self
752 silly ADD node_modules/@babel/core
753 silly ADD node_modules/@babel/core/node_modules/convert-source-map
754 silly ADD node_modules/vite
755 silly ADD node_modules/typescript
756 silly ADD node_modules/@vitejs/plugin-react
757 silly ADD node_modules/@types/react-dom
758 silly REMOVE node_modules/yaml
759 silly ADD node_modules/cosmiconfig/node_modules/yaml
760 verbose cwd /Users/aitern/ai-office/shared/projects/the-golden-bean/web
761 verbose os Darwin 25.2.0
762 verbose node v24.13.0
763 verbose npm  v11.6.2
764 verbose exit 0
765 info ok
